# JRE version: OpenJDK Runtime Environment (17.0.9) (build 17.0.9+0--11185874)
# Java VM: OpenJDK 64-Bit Server VM (17.0.9+0--11185874, mixed mode, tiered, compressed oops, compressed class ptrs, g1 gc, windows-amd64)
GC Precious Log:
 CPUs: 4 total, 4 available
 Memory: 12175M
 Large Page Support: Disabled
 NUMA Support: Disabled
 Compressed Oops: Enabled (Zero based)
 Heap Region Size: 2M
 Heap Min Capacity: 8M
 Heap Initial Capacity: 192M
 Heap Max Capacity: 4G
 Pre-touch: Disabled
 Parallel Workers: 4
 Concurrent Workers: 1
 Concurrent Refinement Workers: 4
 Periodic GC: Disabled
Heap:
 garbage-first heap   total 720896K, used 519168K [0x0000000700000000, 0x0000000800000000)
  region size 2048K, 54 young (110592K), 6 survivors (12288K)
 Metaspace       used 121389K, committed 123776K, reserved 1179648K
  class space    used 16754K, committed 17728K, reserved 1048576K
GC Heap History (20 events):
Event: 51.780 GC heap before
{Heap before GC invocations=48 (full 0):
 garbage-first heap   total 249856K, used 193291K [0x0000000700000000, 0x0000000800000000)
  region size 2048K, 22 young (45056K), 1 survivors (2048K)
 Metaspace       used 95497K, committed 96832K, reserved 1179648K
  class space    used 13092K, committed 13696K, reserved 1048576K
}
Event: 51.810 GC heap after
{Heap after GC invocations=49 (full 0):
 garbage-first heap   total 499712K, used 162817K [0x0000000700000000, 0x0000000800000000)
  region size 2048K, 3 young (6144K), 3 survivors (6144K)
 Metaspace       used 95497K, committed 96832K, reserved 1179648K
  class space    used 13092K, committed 13696K, reserved 1048576K
}
Event: 56.865 GC heap before
{Heap before GC invocations=49 (full 0):
 garbage-first heap   total 499712K, used 320513K [0x0000000700000000, 0x0000000800000000)
  region size 2048K, 79 young (161792K), 3 survivors (6144K)
 Metaspace       used 96552K, committed 98048K, reserved 1179648K
  class space    used 13256K, committed 13888K, reserved 1048576K
}
Event: 56.939 GC heap after
{Heap after GC invocations=50 (full 0):
 garbage-first heap   total 499712K, used 201266K [0x0000000700000000, 0x0000000800000000)
  region size 2048K, 10 young (20480K), 10 survivors (20480K)
 Metaspace       used 96552K, committed 98048K, reserved 1179648K
  class space    used 13256K, committed 13888K, reserved 1048576K
}
Event: 61.055 GC heap before
{Heap before GC invocations=50 (full 0):
 garbage-first heap   total 499712K, used 334386K [0x0000000700000000, 0x0000000800000000)
  region size 2048K, 75 young (153600K), 10 survivors (20480K)
 Metaspace       used 97542K, committed 99136K, reserved 1179648K
  class space    used 13416K, committed 14080K, reserved 1048576K
}
Event: 61.136 GC heap after
{Heap after GC invocations=51 (full 0):
 garbage-first heap   total 499712K, used 226830K [0x0000000700000000, 0x0000000800000000)
  region size 2048K, 10 young (20480K), 10 survivors (20480K)
 Metaspace       used 97542K, committed 99136K, reserved 1179648K
  class space    used 13416K, committed 14080K, reserved 1048576K
}
Event: 65.845 GC heap before
{Heap before GC invocations=51 (full 0):
 garbage-first heap   total 499712K, used 357902K [0x0000000700000000, 0x0000000800000000)
  region size 2048K, 71 young (145408K), 10 survivors (20480K)
 Metaspace       used 103364K, committed 105088K, reserved 1179648K
  class space    used 14270K, committed 14976K, reserved 1048576K
}
Event: 65.946 GC heap after
{Heap after GC invocations=52 (full 0):
 garbage-first heap   total 499712K, used 252242K [0x0000000700000000, 0x0000000800000000)
  region size 2048K, 9 young (18432K), 9 survivors (18432K)
 Metaspace       used 103364K, committed 105088K, reserved 1179648K
  class space    used 14270K, committed 14976K, reserved 1048576K
}
Event: 70.204 GC heap before
{Heap before GC invocations=52 (full 0):
 garbage-first heap   total 499712K, used 368978K [0x0000000700000000, 0x0000000800000000)
  region size 2048K, 66 young (135168K), 9 survivors (18432K)
 Metaspace       used 104369K, committed 106176K, reserved 1179648K
  class space    used 14415K, committed 15168K, reserved 1048576K
}
Event: 70.303 GC heap after
{Heap after GC invocations=53 (full 0):
 garbage-first heap   total 499712K, used 273329K [0x0000000700000000, 0x0000000800000000)
  region size 2048K, 9 young (18432K), 9 survivors (18432K)
 Metaspace       used 104369K, committed 106176K, reserved 1179648K
  class space    used 14415K, committed 15168K, reserved 1048576K
}
Event: 73.889 GC heap before
{Heap before GC invocations=53 (full 0):
 garbage-first heap   total 499712K, used 385969K [0x0000000700000000, 0x0000000800000000)
  region size 2048K, 62 young (126976K), 9 survivors (18432K)
 Metaspace       used 107584K, committed 109376K, reserved 1179648K
  class space    used 14825K, committed 15552K, reserved 1048576K
}
Event: 73.973 GC heap after
{Heap after GC invocations=54 (full 0):
 garbage-first heap   total 600064K, used 294912K [0x0000000700000000, 0x0000000800000000)
  region size 2048K, 8 young (16384K), 8 survivors (16384K)
 Metaspace       used 107584K, committed 109376K, reserved 1179648K
  class space    used 14825K, committed 15552K, reserved 1048576K
}
Event: 78.564 GC heap before
{Heap before GC invocations=54 (full 0):
 garbage-first heap   total 600064K, used 448512K [0x0000000700000000, 0x0000000800000000)
  region size 2048K, 83 young (169984K), 8 survivors (16384K)
 Metaspace       used 110350K, committed 112320K, reserved 1179648K
  class space    used 15261K, committed 16064K, reserved 1048576K
}
Event: 78.704 GC heap after
{Heap after GC invocations=55 (full 0):
 garbage-first heap   total 600064K, used 327372K [0x0000000700000000, 0x0000000800000000)
  region size 2048K, 11 young (22528K), 11 survivors (22528K)
 Metaspace       used 110350K, committed 112320K, reserved 1179648K
  class space    used 15261K, committed 16064K, reserved 1048576K
}
Event: 83.623 GC heap before
{Heap before GC invocations=55 (full 0):
 garbage-first heap   total 600064K, used 458444K [0x0000000700000000, 0x0000000800000000)
  region size 2048K, 75 young (153600K), 11 survivors (22528K)
 Metaspace       used 116162K, committed 118208K, reserved 1179648K
  class space    used 16037K, committed 16896K, reserved 1048576K
}
Event: 83.801 GC heap after
{Heap after GC invocations=56 (full 0):
 garbage-first heap   total 600064K, used 360448K [0x0000000700000000, 0x0000000800000000)
  region size 2048K, 10 young (20480K), 10 survivors (20480K)
 Metaspace       used 116162K, committed 118208K, reserved 1179648K
  class space    used 16037K, committed 16896K, reserved 1048576K
}
Event: 86.874 GC heap before
{Heap before GC invocations=56 (full 0):
 garbage-first heap   total 600064K, used 466944K [0x0000000700000000, 0x0000000800000000)
  region size 2048K, 62 young (126976K), 10 survivors (20480K)
 Metaspace       used 116800K, committed 118784K, reserved 1179648K
  class space    used 16089K, committed 16896K, reserved 1048576K
}
Event: 87.078 GC heap after
{Heap after GC invocations=57 (full 0):
 garbage-first heap   total 600064K, used 397312K [0x0000000700000000, 0x0000000800000000)
  region size 2048K, 8 young (16384K), 8 survivors (16384K)
 Metaspace       used 116800K, committed 118784K, reserved 1179648K
  class space    used 16089K, committed 16896K, reserved 1048576K
}
Event: 89.072 GC heap before
{Heap before GC invocations=57 (full 0):
 garbage-first heap   total 600064K, used 477184K [0x0000000700000000, 0x0000000800000000)
  region size 2048K, 47 young (96256K), 8 survivors (16384K)
 Metaspace       used 118350K, committed 120512K, reserved 1179648K
  class space    used 16339K, committed 17216K, reserved 1048576K
}
Event: 89.183 GC heap after
{Heap after GC invocations=58 (full 0):
 garbage-first heap   total 720896K, used 424960K [0x0000000700000000, 0x0000000800000000)
  region size 2048K, 6 young (12288K), 6 survivors (12288K)
 Metaspace       used 118350K, committed 120512K, reserved 1179648K
  class space    used 16339K, committed 17216K, reserved 1048576K
}

